<?xml version="1.0" encoding="UTF-8"?>
<testsuite xmlns:xsi="http://www.w3.org/2001/XMLSchema-instance" xsi:noNamespaceSchemaLocation="https://maven.apache.org/surefire/maven-surefire-plugin/xsd/surefire-test-report.xsd" name="ed.inf.adbs.lightdb.LightDBTest" time="0.169" tests="3" errors="0" skipped="0" failures="1">
  <properties>
    <property name="java.specification.version" value="21"/>
    <property name="sun.jnu.encoding" value="UTF-8"/>
    <property name="java.class.path" value="/Users/rudy/Desktop/McGill/Winter 2024/Advanced Database Systems/New/target/test-classes:/Users/rudy/Desktop/McGill/Winter 2024/Advanced Database Systems/New/target/classes:/Users/rudy/.m2/repository/junit/junit/4.13.2/junit-4.13.2.jar:/Users/rudy/.m2/repository/org/hamcrest/hamcrest-core/1.3/hamcrest-core-1.3.jar:/Users/rudy/.m2/repository/com/github/jsqlparser/jsqlparser/4.7/jsqlparser-4.7.jar:"/>
    <property name="java.vm.vendor" value="Homebrew"/>
    <property name="sun.arch.data.model" value="64"/>
    <property name="java.vendor.url" value="https://github.com/Homebrew/homebrew-core/issues"/>
    <property name="os.name" value="Mac OS X"/>
    <property name="java.vm.specification.version" value="21"/>
    <property name="sun.java.launcher" value="SUN_STANDARD"/>
    <property name="user.country" value="CA"/>
    <property name="sun.boot.library.path" value="/usr/local/Cellar/openjdk/21.0.2/libexec/openjdk.jdk/Contents/Home/lib"/>
    <property name="sun.java.command" value="/Users/rudy/Desktop/McGill/Winter 2024/Advanced Database Systems/New/target/surefire/surefirebooter8022003664807301238.jar /Users/rudy/Desktop/McGill/Winter 2024/Advanced Database Systems/New/target/surefire 2024-03-27T15-45-30_600-jvmRun1 surefire3100235288050545906tmp surefire_05344781386942009496tmp"/>
    <property name="http.nonProxyHosts" value="local|*.local|169.254/16|*.169.254/16"/>
    <property name="jdk.debug" value="release"/>
    <property name="surefire.test.class.path" value="/Users/rudy/Desktop/McGill/Winter 2024/Advanced Database Systems/New/target/test-classes:/Users/rudy/Desktop/McGill/Winter 2024/Advanced Database Systems/New/target/classes:/Users/rudy/.m2/repository/junit/junit/4.13.2/junit-4.13.2.jar:/Users/rudy/.m2/repository/org/hamcrest/hamcrest-core/1.3/hamcrest-core-1.3.jar:/Users/rudy/.m2/repository/com/github/jsqlparser/jsqlparser/4.7/jsqlparser-4.7.jar:"/>
    <property name="sun.cpu.endian" value="little"/>
    <property name="user.home" value="/Users/rudy"/>
    <property name="user.language" value="en"/>
    <property name="java.specification.vendor" value="Oracle Corporation"/>
    <property name="java.version.date" value="2024-01-16"/>
    <property name="java.home" value="/usr/local/Cellar/openjdk/21.0.2/libexec/openjdk.jdk/Contents/Home"/>
    <property name="file.separator" value="/"/>
    <property name="basedir" value="/Users/rudy/Desktop/McGill/Winter 2024/Advanced Database Systems/New"/>
    <property name="java.vm.compressedOopsMode" value="Zero based"/>
    <property name="line.separator" value="&#10;"/>
    <property name="java.vm.specification.vendor" value="Oracle Corporation"/>
    <property name="java.specification.name" value="Java Platform API Specification"/>
    <property name="apple.awt.application.name" value="ForkedBooter"/>
    <property name="surefire.real.class.path" value="/Users/rudy/Desktop/McGill/Winter 2024/Advanced Database Systems/New/target/surefire/surefirebooter8022003664807301238.jar"/>
    <property name="sun.management.compiler" value="HotSpot 64-Bit Tiered Compilers"/>
    <property name="ftp.nonProxyHosts" value="local|*.local|169.254/16|*.169.254/16"/>
    <property name="java.runtime.version" value="21.0.2"/>
    <property name="user.name" value="rudy"/>
    <property name="stdout.encoding" value="UTF-8"/>
    <property name="path.separator" value=":"/>
    <property name="os.version" value="14.1.1"/>
    <property name="java.runtime.name" value="OpenJDK Runtime Environment"/>
    <property name="file.encoding" value="UTF-8"/>
    <property name="java.vm.name" value="OpenJDK 64-Bit Server VM"/>
    <property name="java.vendor.version" value="Homebrew"/>
    <property name="localRepository" value="/Users/rudy/.m2/repository"/>
    <property name="java.vendor.url.bug" value="https://github.com/Homebrew/homebrew-core/issues"/>
    <property name="java.io.tmpdir" value="/var/folders/fb/8_94nlb1621ccjvzsqck1dr00000gn/T/"/>
    <property name="java.version" value="21.0.2"/>
    <property name="user.dir" value="/Users/rudy/Desktop/McGill/Winter 2024/Advanced Database Systems/New"/>
    <property name="os.arch" value="x86_64"/>
    <property name="java.vm.specification.name" value="Java Virtual Machine Specification"/>
    <property name="native.encoding" value="UTF-8"/>
    <property name="java.library.path" value="/Users/rudy/Library/Java/Extensions:/Library/Java/Extensions:/Network/Library/Java/Extensions:/System/Library/Java/Extensions:/usr/lib/java:."/>
    <property name="java.vm.info" value="mixed mode, sharing"/>
    <property name="stderr.encoding" value="UTF-8"/>
    <property name="java.vendor" value="Homebrew"/>
    <property name="java.vm.version" value="21.0.2"/>
    <property name="sun.io.unicode.encoding" value="UnicodeBig"/>
    <property name="socksNonProxyHosts" value="local|*.local|169.254/16|*.169.254/16"/>
    <property name="java.class.version" value="65.0"/>
  </properties>
  <testcase name="query10" classname="ed.inf.adbs.lightdb.LightDBTest" time="0.099"/>
  <testcase name="query11" classname="ed.inf.adbs.lightdb.LightDBTest" time="0.01"/>
  <testcase name="query12" classname="ed.inf.adbs.lightdb.LightDBTest" time="0.018">
    <failure message="expected:&lt;[126]&#10;&gt; but was:&lt;[6&#10;6&#10;2&#10;4&#10;4&#10;1&#10;6&#10;1&#10;5&#10;4&#10;2&#10;1&#10;3&#10;4&#10;2&#10;3&#10;2&#10;3&#10;2&#10;1&#10;6&#10;4&#10;5&#10;6&#10;1&#10;4&#10;3&#10;3&#10;5&#10;5&#10;6&#10;5&#10;5&#10;2&#10;1&#10;3]&#10;&gt;" type="org.junit.ComparisonFailure"><![CDATA[org.junit.ComparisonFailure: 
expected:<[126]
> but was:<[6
6
2
4
4
1
6
1
5
4
2
1
3
4
2
3
2
3
2
1
6
4
5
6
1
4
3
3
5
5
6
5
5
2
1
3]
>
	at ed.inf.adbs.lightdb.LightDBTest.query12(LightDBTest.java:186)
]]></failure>
    <system-out><![CDATA[&amp#27;[35m########## QUERY 12 ##########&amp#27;[0m
SUM OPERATOR CREATED
GROUPS: [6, 300, 400, 1, 103, 6, 300, 400, 3, 102, 2, 200, 200, 1, 101, 4, 100, 50, 1, 102, 4, 100, 50, 1, 103, 1, 200, 50, 4, 104, 6, 300, 400, 4, 104, 1, 200, 50, 1, 103, 5, 100, 500, 1, 101, 4, 100, 50, 2, 101, 2, 200, 200, 1, 103, 1, 200, 50, 1, 102, 3, 100, 105, 1, 102, 4, 100, 50, 1, 101, 2, 200, 200, 2, 101, 3, 100, 105, 1, 101, 2, 200, 200, 1, 102, 3, 100, 105, 4, 104, 2, 200, 200, 4, 104, 1, 200, 50, 3, 102, 6, 300, 400, 2, 101, 4, 100, 50, 3, 102, 5, 100, 500, 3, 102, 6, 300, 400, 1, 102, 1, 200, 50, 1, 101, 4, 100, 50, 4, 104, 3, 100, 105, 3, 102, 3, 100, 105, 2, 101, 5, 100, 500, 1, 103, 5, 100, 500, 4, 104, 6, 300, 400, 1, 101, 5, 100, 500, 2, 101, 5, 100, 500, 1, 102, 2, 200, 200, 3, 102, 1, 200, 50, 2, 101, 3, 100, 105, 1, 103]
]]></system-out>
  </testcase>
</testsuite>