<?xml version="1.0" encoding="UTF-8"?>
<testsuite xmlns:xsi="http://www.w3.org/2001/XMLSchema-instance" xsi:noNamespaceSchemaLocation="https://maven.apache.org/surefire/maven-surefire-plugin/xsd/surefire-test-report.xsd" name="ed.inf.adbs.lightdb.LightDBTest" time="0.187" tests="1" errors="0" skipped="0" failures="1">
  <properties>
    <property name="java.specification.version" value="21"/>
    <property name="sun.jnu.encoding" value="UTF-8"/>
    <property name="java.class.path" value="/Users/rudy/Desktop/McGill/Winter 2024/Advanced Database Systems/CWWW/LightDB/target/test-classes:/Users/rudy/Desktop/McGill/Winter 2024/Advanced Database Systems/CWWW/LightDB/target/classes:/Users/rudy/.m2/repository/junit/junit/4.13.2/junit-4.13.2.jar:/Users/rudy/.m2/repository/org/hamcrest/hamcrest-core/1.3/hamcrest-core-1.3.jar:/Users/rudy/.m2/repository/com/github/jsqlparser/jsqlparser/4.7/jsqlparser-4.7.jar:"/>
    <property name="java.vm.vendor" value="Homebrew"/>
    <property name="sun.arch.data.model" value="64"/>
    <property name="java.vendor.url" value="https://github.com/Homebrew/homebrew-core/issues"/>
    <property name="os.name" value="Mac OS X"/>
    <property name="java.vm.specification.version" value="21"/>
    <property name="sun.java.launcher" value="SUN_STANDARD"/>
    <property name="user.country" value="CA"/>
    <property name="sun.boot.library.path" value="/usr/local/Cellar/openjdk/21.0.2/libexec/openjdk.jdk/Contents/Home/lib"/>
    <property name="sun.java.command" value="/Users/rudy/Desktop/McGill/Winter 2024/Advanced Database Systems/CWWW/LightDB/target/surefire/surefirebooter10535385391889903627.jar /Users/rudy/Desktop/McGill/Winter 2024/Advanced Database Systems/CWWW/LightDB/target/surefire 2024-03-11T19-28-05_842-jvmRun1 surefire8669239101779395268tmp surefire_03598282583691656139tmp"/>
    <property name="http.nonProxyHosts" value="local|*.local|169.254/16|*.169.254/16"/>
    <property name="jdk.debug" value="release"/>
    <property name="surefire.test.class.path" value="/Users/rudy/Desktop/McGill/Winter 2024/Advanced Database Systems/CWWW/LightDB/target/test-classes:/Users/rudy/Desktop/McGill/Winter 2024/Advanced Database Systems/CWWW/LightDB/target/classes:/Users/rudy/.m2/repository/junit/junit/4.13.2/junit-4.13.2.jar:/Users/rudy/.m2/repository/org/hamcrest/hamcrest-core/1.3/hamcrest-core-1.3.jar:/Users/rudy/.m2/repository/com/github/jsqlparser/jsqlparser/4.7/jsqlparser-4.7.jar:"/>
    <property name="sun.cpu.endian" value="little"/>
    <property name="user.home" value="/Users/rudy"/>
    <property name="user.language" value="en"/>
    <property name="java.specification.vendor" value="Oracle Corporation"/>
    <property name="java.version.date" value="2024-01-16"/>
    <property name="java.home" value="/usr/local/Cellar/openjdk/21.0.2/libexec/openjdk.jdk/Contents/Home"/>
    <property name="file.separator" value="/"/>
    <property name="basedir" value="/Users/rudy/Desktop/McGill/Winter 2024/Advanced Database Systems/CWWW/LightDB"/>
    <property name="java.vm.compressedOopsMode" value="Zero based"/>
    <property name="line.separator" value="&#10;"/>
    <property name="java.vm.specification.vendor" value="Oracle Corporation"/>
    <property name="java.specification.name" value="Java Platform API Specification"/>
    <property name="apple.awt.application.name" value="ForkedBooter"/>
    <property name="surefire.real.class.path" value="/Users/rudy/Desktop/McGill/Winter 2024/Advanced Database Systems/CWWW/LightDB/target/surefire/surefirebooter10535385391889903627.jar"/>
    <property name="sun.management.compiler" value="HotSpot 64-Bit Tiered Compilers"/>
    <property name="ftp.nonProxyHosts" value="local|*.local|169.254/16|*.169.254/16"/>
    <property name="java.runtime.version" value="21.0.2"/>
    <property name="user.name" value="rudy"/>
    <property name="stdout.encoding" value="UTF-8"/>
    <property name="path.separator" value=":"/>
    <property name="os.version" value="14.1.1"/>
    <property name="java.runtime.name" value="OpenJDK Runtime Environment"/>
    <property name="file.encoding" value="UTF-8"/>
    <property name="java.vm.name" value="OpenJDK 64-Bit Server VM"/>
    <property name="java.vendor.version" value="Homebrew"/>
    <property name="localRepository" value="/Users/rudy/.m2/repository"/>
    <property name="java.vendor.url.bug" value="https://github.com/Homebrew/homebrew-core/issues"/>
    <property name="java.io.tmpdir" value="/var/folders/fb/8_94nlb1621ccjvzsqck1dr00000gn/T/"/>
    <property name="java.version" value="21.0.2"/>
    <property name="user.dir" value="/Users/rudy/Desktop/McGill/Winter 2024/Advanced Database Systems/CWWW/LightDB"/>
    <property name="os.arch" value="x86_64"/>
    <property name="java.vm.specification.name" value="Java Virtual Machine Specification"/>
    <property name="native.encoding" value="UTF-8"/>
    <property name="java.library.path" value="/Users/rudy/Library/Java/Extensions:/Library/Java/Extensions:/Network/Library/Java/Extensions:/System/Library/Java/Extensions:/usr/lib/java:."/>
    <property name="java.vm.info" value="mixed mode, sharing"/>
    <property name="stderr.encoding" value="UTF-8"/>
    <property name="java.vendor" value="Homebrew"/>
    <property name="java.vm.version" value="21.0.2"/>
    <property name="sun.io.unicode.encoding" value="UnicodeBig"/>
    <property name="socksNonProxyHosts" value="local|*.local|169.254/16|*.169.254/16"/>
    <property name="java.class.version" value="65.0"/>
  </properties>
  <testcase name="query6" classname="ed.inf.adbs.lightdb.LightDBTest" time="0.134">
    <failure message="expected:&lt;[1, 200, 50, 2, 200, 200&#10;1, 200, 50, 3, 100, 105&#10;1, 200, 50, 4, 100, 50&#10;1, 200, 50, 5, 100, 500&#10;1, 200, 50, 6, 300, 400&#10;2, 200, 200, 3, 100, 105&#10;2, 200, 200, 4, 100, 50&#10;2, 200, 200, 5, 100, 500&#10;2, 200, 200, 6, 300, 400&#10;3, 100, 105, 4, 100, 50&#10;3, 100, 105, 5, 100, 500&#10;3, 100, 105, 6, 300, 400&#10;4, 100, 50, 5, 100, 500&#10;4, 100, 50, 6, 300, 400&#10;5, 100, 500, 6, 300, 400&#10;]&gt; but was:&lt;[]&gt;" type="org.junit.ComparisonFailure"><![CDATA[org.junit.ComparisonFailure: 
expected:<[1, 200, 50, 2, 200, 200
1, 200, 50, 3, 100, 105
1, 200, 50, 4, 100, 50
1, 200, 50, 5, 100, 500
1, 200, 50, 6, 300, 400
2, 200, 200, 3, 100, 105
2, 200, 200, 4, 100, 50
2, 200, 200, 5, 100, 500
2, 200, 200, 6, 300, 400
3, 100, 105, 4, 100, 50
3, 100, 105, 5, 100, 500
3, 100, 105, 6, 300, 400
4, 100, 50, 5, 100, 500
4, 100, 50, 6, 300, 400
5, 100, 500, 6, 300, 400
]> but was:<[]>
	at ed.inf.adbs.lightdb.LightDBTest.query6(LightDBTest.java:99)
]]></failure>
    <system-out><![CDATA[&amp#27;[35m########## QUERY 6 ##########&amp#27;[0m
1, 200, 50, 1, 200, 50
EXPRESSION: S1.A < S2.A
]]></system-out>
    <system-err><![CDATA[Exception occurred during parsing
java.lang.NullPointerException: Cannot invoke "net.sf.jsqlparser.expression.Alias.getName()" because the return value of "net.sf.jsqlparser.schema.Table.getAlias()" is null
	at ed.inf.adbs.lightdb.utils.ColumnEquals.equals(ColumnEquals.java:11)
	at ed.inf.adbs.lightdb.utils.Tuple.getValueFromColumn(Tuple.java:131)
	at ed.inf.adbs.lightdb.utils.ExpressionEvaluator.handleOtherDataTypes(ExpressionEvaluator.java:147)
	at ed.inf.adbs.lightdb.utils.ExpressionEvaluator.visit(ExpressionEvaluator.java:115)
	at net.sf.jsqlparser.expression.operators.relational.MinorThan.accept(MinorThan.java:23)
	at ed.inf.adbs.lightdb.utils.ExpressionEvaluator.evaluate(ExpressionEvaluator.java:39)
	at ed.inf.adbs.lightdb.operators.JoinOperator.getNextTuple(JoinOperator.java:47)
	at ed.inf.adbs.lightdb.operators.Operator.dump(Operator.java:37)
	at ed.inf.adbs.lightdb.LightDB.execute(LightDB.java:57)
	at ed.inf.adbs.lightdb.LightDB.main(LightDB.java:29)
	at ed.inf.adbs.lightdb.LightDBTest.query6(LightDBTest.java:95)
	at java.base/jdk.internal.reflect.DirectMethodHandleAccessor.invoke(DirectMethodHandleAccessor.java:103)
	at java.base/java.lang.reflect.Method.invoke(Method.java:580)
	at org.junit.runners.model.FrameworkMethod$1.runReflectiveCall(FrameworkMethod.java:59)
	at org.junit.internal.runners.model.ReflectiveCallable.run(ReflectiveCallable.java:12)
	at org.junit.runners.model.FrameworkMethod.invokeExplosively(FrameworkMethod.java:56)
	at org.junit.internal.runners.statements.InvokeMethod.evaluate(InvokeMethod.java:17)
	at org.junit.runners.ParentRunner$3.evaluate(ParentRunner.java:306)
	at org.junit.runners.BlockJUnit4ClassRunner$1.evaluate(BlockJUnit4ClassRunner.java:100)
	at org.junit.runners.ParentRunner.runLeaf(ParentRunner.java:366)
	at org.junit.runners.BlockJUnit4ClassRunner.runChild(BlockJUnit4ClassRunner.java:103)
	at org.junit.runners.BlockJUnit4ClassRunner.runChild(BlockJUnit4ClassRunner.java:63)
	at org.junit.runners.ParentRunner$4.run(ParentRunner.java:331)
	at org.junit.runners.ParentRunner$1.schedule(ParentRunner.java:79)
	at org.junit.runners.ParentRunner.runChildren(ParentRunner.java:329)
	at org.junit.runners.ParentRunner.access$100(ParentRunner.java:66)
	at org.junit.runners.ParentRunner$2.evaluate(ParentRunner.java:293)
	at org.junit.runners.ParentRunner$3.evaluate(ParentRunner.java:306)
	at org.junit.runners.ParentRunner.run(ParentRunner.java:413)
	at org.apache.maven.surefire.junit4.JUnit4Provider.execute(JUnit4Provider.java:365)
	at org.apache.maven.surefire.junit4.JUnit4Provider.executeWithRerun(JUnit4Provider.java:273)
	at org.apache.maven.surefire.junit4.JUnit4Provider.executeTestSet(JUnit4Provider.java:238)
	at org.apache.maven.surefire.junit4.JUnit4Provider.invoke(JUnit4Provider.java:159)
	at org.apache.maven.surefire.booter.ForkedBooter.invokeProviderInSameClassLoader(ForkedBooter.java:384)
	at org.apache.maven.surefire.booter.ForkedBooter.runSuitesInProcess(ForkedBooter.java:345)
	at org.apache.maven.surefire.booter.ForkedBooter.execute(ForkedBooter.java:126)
	at org.apache.maven.surefire.booter.ForkedBooter.main(ForkedBooter.java:418)
]]></system-err>
  </testcase>
</testsuite>